Performing C SOURCE FILE Test CMAKE_HAVE_LIBC_PTHREAD failed with the following output:
Change Dir: /home/vtd/Udacity/GIT/CppND-Route-Planning-Project/build/CMakeFiles/CMakeTmp

Run Build Command(s):/usr/bin/make cmTC_16b2b/fast && /usr/bin/make -f CMakeFiles/cmTC_16b2b.dir/build.make CMakeFiles/cmTC_16b2b.dir/build
make[1]: Entering directory '/home/vtd/Udacity/GIT/CppND-Route-Planning-Project/build/CMakeFiles/CMakeTmp'
Building C object CMakeFiles/cmTC_16b2b.dir/src.c.o
/usr/bin/cc   -DCMAKE_HAVE_LIBC_PTHREAD   -o CMakeFiles/cmTC_16b2b.dir/src.c.o   -c /home/vtd/Udacity/GIT/CppND-Route-Planning-Project/build/CMakeFiles/CMakeTmp/src.c
Linking C executable cmTC_16b2b
/opt/cmake/bin/cmake -E cmake_link_script CMakeFiles/cmTC_16b2b.dir/link.txt --verbose=1
/usr/bin/cc  -DCMAKE_HAVE_LIBC_PTHREAD    -rdynamic CMakeFiles/cmTC_16b2b.dir/src.c.o  -o cmTC_16b2b 
CMakeFiles/cmTC_16b2b.dir/src.c.o: In function `main':
src.c:(.text+0x3e): undefined reference to `pthread_create'
src.c:(.text+0x4a): undefined reference to `pthread_detach'
src.c:(.text+0x5b): undefined reference to `pthread_join'
src.c:(.text+0x6f): undefined reference to `pthread_atfork'
collect2: error: ld returned 1 exit status
CMakeFiles/cmTC_16b2b.dir/build.make:86: recipe for target 'cmTC_16b2b' failed
make[1]: *** [cmTC_16b2b] Error 1
make[1]: Leaving directory '/home/vtd/Udacity/GIT/CppND-Route-Planning-Project/build/CMakeFiles/CMakeTmp'
Makefile:121: recipe for target 'cmTC_16b2b/fast' failed
make: *** [cmTC_16b2b/fast] Error 2


Source file was:
#include <pthread.h>

void* test_func(void* data)
{
  return data;
}

int main(void)
{
  pthread_t thread;
  pthread_create(&thread, NULL, test_func, NULL);
  pthread_detach(thread);
  pthread_join(thread, NULL);
  pthread_atfork(NULL, NULL, NULL);
  pthread_exit(NULL);

  return 0;
}

Determining if the function pthread_create exists in the pthreads failed with the following output:
Change Dir: /home/vtd/Udacity/GIT/CppND-Route-Planning-Project/build/CMakeFiles/CMakeTmp

Run Build Command(s):/usr/bin/make cmTC_e3929/fast && /usr/bin/make -f CMakeFiles/cmTC_e3929.dir/build.make CMakeFiles/cmTC_e3929.dir/build
make[1]: Entering directory '/home/vtd/Udacity/GIT/CppND-Route-Planning-Project/build/CMakeFiles/CMakeTmp'
Building C object CMakeFiles/cmTC_e3929.dir/CheckFunctionExists.c.o
/usr/bin/cc   -DCHECK_FUNCTION_EXISTS=pthread_create   -o CMakeFiles/cmTC_e3929.dir/CheckFunctionExists.c.o   -c /opt/cmake/share/cmake-3.16/Modules/CheckFunctionExists.c
Linking C executable cmTC_e3929
/opt/cmake/bin/cmake -E cmake_link_script CMakeFiles/cmTC_e3929.dir/link.txt --verbose=1
/usr/bin/cc  -DCHECK_FUNCTION_EXISTS=pthread_create    -rdynamic CMakeFiles/cmTC_e3929.dir/CheckFunctionExists.c.o  -o cmTC_e3929  -lpthreads 
/usr/bin/ld: cannot find -lpthreads
collect2: error: ld returned 1 exit status
CMakeFiles/cmTC_e3929.dir/build.make:86: recipe for target 'cmTC_e3929' failed
make[1]: *** [cmTC_e3929] Error 1
make[1]: Leaving directory '/home/vtd/Udacity/GIT/CppND-Route-Planning-Project/build/CMakeFiles/CMakeTmp'
Makefile:121: recipe for target 'cmTC_e3929/fast' failed
make: *** [cmTC_e3929/fast] Error 2



Performing C SOURCE FILE Test CMAKE_HAVE_LIBC_PTHREAD failed with the following output:
Change Dir: /home/vtd/Udacity/GIT/Udacity_RoutePlanner/build/CMakeFiles/CMakeTmp

Run Build Command(s):/usr/bin/make cmTC_fc3f6/fast && /usr/bin/make -f CMakeFiles/cmTC_fc3f6.dir/build.make CMakeFiles/cmTC_fc3f6.dir/build
make[1]: Entering directory '/home/vtd/Udacity/GIT/Udacity_RoutePlanner/build/CMakeFiles/CMakeTmp'
Building C object CMakeFiles/cmTC_fc3f6.dir/src.c.o
/usr/bin/cc   -DCMAKE_HAVE_LIBC_PTHREAD   -o CMakeFiles/cmTC_fc3f6.dir/src.c.o   -c /home/vtd/Udacity/GIT/Udacity_RoutePlanner/build/CMakeFiles/CMakeTmp/src.c
Linking C executable cmTC_fc3f6
/opt/cmake/bin/cmake -E cmake_link_script CMakeFiles/cmTC_fc3f6.dir/link.txt --verbose=1
/usr/bin/cc  -DCMAKE_HAVE_LIBC_PTHREAD    -rdynamic CMakeFiles/cmTC_fc3f6.dir/src.c.o  -o cmTC_fc3f6 
CMakeFiles/cmTC_fc3f6.dir/src.c.o: In function `main':
src.c:(.text+0x3e): undefined reference to `pthread_create'
src.c:(.text+0x4a): undefined reference to `pthread_detach'
src.c:(.text+0x5b): undefined reference to `pthread_join'
src.c:(.text+0x6f): undefined reference to `pthread_atfork'
collect2: error: ld returned 1 exit status
CMakeFiles/cmTC_fc3f6.dir/build.make:86: recipe for target 'cmTC_fc3f6' failed
make[1]: *** [cmTC_fc3f6] Error 1
make[1]: Leaving directory '/home/vtd/Udacity/GIT/Udacity_RoutePlanner/build/CMakeFiles/CMakeTmp'
Makefile:121: recipe for target 'cmTC_fc3f6/fast' failed
make: *** [cmTC_fc3f6/fast] Error 2


Source file was:
#include <pthread.h>

void* test_func(void* data)
{
  return data;
}

int main(void)
{
  pthread_t thread;
  pthread_create(&thread, NULL, test_func, NULL);
  pthread_detach(thread);
  pthread_join(thread, NULL);
  pthread_atfork(NULL, NULL, NULL);
  pthread_exit(NULL);

  return 0;
}

Determining if the function pthread_create exists in the pthreads failed with the following output:
Change Dir: /home/vtd/Udacity/GIT/Udacity_RoutePlanner/build/CMakeFiles/CMakeTmp

Run Build Command(s):/usr/bin/make cmTC_15942/fast && /usr/bin/make -f CMakeFiles/cmTC_15942.dir/build.make CMakeFiles/cmTC_15942.dir/build
make[1]: Entering directory '/home/vtd/Udacity/GIT/Udacity_RoutePlanner/build/CMakeFiles/CMakeTmp'
Building C object CMakeFiles/cmTC_15942.dir/CheckFunctionExists.c.o
/usr/bin/cc   -DCHECK_FUNCTION_EXISTS=pthread_create   -o CMakeFiles/cmTC_15942.dir/CheckFunctionExists.c.o   -c /opt/cmake/share/cmake-3.16/Modules/CheckFunctionExists.c
Linking C executable cmTC_15942
/opt/cmake/bin/cmake -E cmake_link_script CMakeFiles/cmTC_15942.dir/link.txt --verbose=1
/usr/bin/cc  -DCHECK_FUNCTION_EXISTS=pthread_create    -rdynamic CMakeFiles/cmTC_15942.dir/CheckFunctionExists.c.o  -o cmTC_15942  -lpthreads 
/usr/bin/ld: cannot find -lpthreads
collect2: error: ld returned 1 exit status
CMakeFiles/cmTC_15942.dir/build.make:86: recipe for target 'cmTC_15942' failed
make[1]: *** [cmTC_15942] Error 1
make[1]: Leaving directory '/home/vtd/Udacity/GIT/Udacity_RoutePlanner/build/CMakeFiles/CMakeTmp'
Makefile:121: recipe for target 'cmTC_15942/fast' failed
make: *** [cmTC_15942/fast] Error 2



Performing C SOURCE FILE Test CMAKE_HAVE_LIBC_PTHREAD failed with the following output:
Change Dir: /home/vtd/Udacity/GIT/Udacity_RoutePlanner/build/CMakeFiles/CMakeTmp

Run Build Command(s):/usr/bin/make cmTC_a3a63/fast && make[1]: Entering directory '/home/vtd/Udacity/GIT/Udacity_RoutePlanner/build/CMakeFiles/CMakeTmp'
/usr/bin/make -f CMakeFiles/cmTC_a3a63.dir/build.make CMakeFiles/cmTC_a3a63.dir/build
make[2]: Entering directory '/home/vtd/Udacity/GIT/Udacity_RoutePlanner/build/CMakeFiles/CMakeTmp'
Building C object CMakeFiles/cmTC_a3a63.dir/src.c.o
/usr/bin/cc   -DCMAKE_HAVE_LIBC_PTHREAD   -o CMakeFiles/cmTC_a3a63.dir/src.c.o   -c /home/vtd/Udacity/GIT/Udacity_RoutePlanner/build/CMakeFiles/CMakeTmp/src.c
Linking C executable cmTC_a3a63
/opt/cmake/bin/cmake -E cmake_link_script CMakeFiles/cmTC_a3a63.dir/link.txt --verbose=1
/usr/bin/cc  -DCMAKE_HAVE_LIBC_PTHREAD    -rdynamic CMakeFiles/cmTC_a3a63.dir/src.c.o  -o cmTC_a3a63 
CMakeFiles/cmTC_a3a63.dir/src.c.o: In function `main':
src.c:(.text+0x3e): undefined reference to `pthread_create'
src.c:(.text+0x4a): undefined reference to `pthread_detach'
src.c:(.text+0x5b): undefined reference to `pthread_join'
src.c:(.text+0x6f): undefined reference to `pthread_atfork'
collect2: error: ld returned 1 exit status
CMakeFiles/cmTC_a3a63.dir/build.make:86: recipe for target 'cmTC_a3a63' failed
make[2]: *** [cmTC_a3a63] Error 1
make[2]: Leaving directory '/home/vtd/Udacity/GIT/Udacity_RoutePlanner/build/CMakeFiles/CMakeTmp'
Makefile:121: recipe for target 'cmTC_a3a63/fast' failed
make[1]: *** [cmTC_a3a63/fast] Error 2
make[1]: Leaving directory '/home/vtd/Udacity/GIT/Udacity_RoutePlanner/build/CMakeFiles/CMakeTmp'


Source file was:
#include <pthread.h>

void* test_func(void* data)
{
  return data;
}

int main(void)
{
  pthread_t thread;
  pthread_create(&thread, NULL, test_func, NULL);
  pthread_detach(thread);
  pthread_join(thread, NULL);
  pthread_atfork(NULL, NULL, NULL);
  pthread_exit(NULL);

  return 0;
}

Determining if the function pthread_create exists in the pthreads failed with the following output:
Change Dir: /home/vtd/Udacity/GIT/Udacity_RoutePlanner/build/CMakeFiles/CMakeTmp

Run Build Command(s):/usr/bin/make cmTC_56b9b/fast && make[1]: Entering directory '/home/vtd/Udacity/GIT/Udacity_RoutePlanner/build/CMakeFiles/CMakeTmp'
/usr/bin/make -f CMakeFiles/cmTC_56b9b.dir/build.make CMakeFiles/cmTC_56b9b.dir/build
make[2]: Entering directory '/home/vtd/Udacity/GIT/Udacity_RoutePlanner/build/CMakeFiles/CMakeTmp'
Building C object CMakeFiles/cmTC_56b9b.dir/CheckFunctionExists.c.o
/usr/bin/cc   -DCHECK_FUNCTION_EXISTS=pthread_create   -o CMakeFiles/cmTC_56b9b.dir/CheckFunctionExists.c.o   -c /opt/cmake/share/cmake-3.16/Modules/CheckFunctionExists.c
Linking C executable cmTC_56b9b
/opt/cmake/bin/cmake -E cmake_link_script CMakeFiles/cmTC_56b9b.dir/link.txt --verbose=1
/usr/bin/cc  -DCHECK_FUNCTION_EXISTS=pthread_create    -rdynamic CMakeFiles/cmTC_56b9b.dir/CheckFunctionExists.c.o  -o cmTC_56b9b  -lpthreads 
/usr/bin/ld: cannot find -lpthreads
collect2: error: ld returned 1 exit status
CMakeFiles/cmTC_56b9b.dir/build.make:86: recipe for target 'cmTC_56b9b' failed
make[2]: *** [cmTC_56b9b] Error 1
make[2]: Leaving directory '/home/vtd/Udacity/GIT/Udacity_RoutePlanner/build/CMakeFiles/CMakeTmp'
Makefile:121: recipe for target 'cmTC_56b9b/fast' failed
make[1]: *** [cmTC_56b9b/fast] Error 2
make[1]: Leaving directory '/home/vtd/Udacity/GIT/Udacity_RoutePlanner/build/CMakeFiles/CMakeTmp'



